<?xml version="1.0" encoding="UTF-8"?>
<testng-results skipped="0" failed="0" ignored="0" total="1" passed="1">
  <reporter-output>
  </reporter-output>
  <suite name="Suite" duration-ms="25062" started-at="2020-06-17T09:33:40Z" finished-at="2020-06-17T09:34:05Z">
    <groups>
    </groups>
    <test name="Test" duration-ms="25062" started-at="2020-06-17T09:33:40Z" finished-at="2020-06-17T09:34:05Z">
      <class name="com.qa.ideapoke.testcases.Testcsaes">
        <test-method status="PASS" signature="drop()[pri:0, instance:com.qa.ideapoke.testcases.Testcsaes@6500df86]" name="drop" duration-ms="25040" started-at="2020-06-17T15:03:40Z" finished-at="2020-06-17T15:04:05Z">
          <reporter-output>
          </reporter-output>
        </test-method> <!-- drop -->
      </class> <!-- com.qa.ideapoke.testcases.Testcsaes -->
    </test> <!-- Test -->
  </suite> <!-- Suite -->
</testng-results>
